1524959388236	geckodriver	INFO	geckodriver 0.20.1
1524959388415	geckodriver	INFO	Listening on 127.0.0.1:64381
1524959391999	mozrunner::runner	INFO	Running command: "C:\\Program Files (x86)\\Mozilla Firefox\\firefox.exe" "-marionette" "-headless" "-profile" "C:\\Users\\Matt\\AppData\\Local\\Temp\\rust_mozprofile.7ZscFeuiWWfS"
*** You are running in headless mode.
Unable to read VR Path Registry from C:\Users\Matt\AppData\Local\openvr\openvrpaths.vrpath
1524959396118	Marionette	INFO	Enabled via --marionette
Unable to read VR Path Registry from C:\Users\Matt\AppData\Local\openvr\openvrpaths.vrpath
Unable to read VR Path Registry from C:\Users\Matt\AppData\Local\openvr\openvrpaths.vrpath
Unable to read VR Path Registry from C:\Users\Matt\AppData\Local\openvr\openvrpaths.vrpath
1524959403314	Marionette	INFO	Listening on port 64389
1524959404058	Marionette	WARN	TLS certificate errors will be ignored for this session

###!!! [Parent][MessageChannel] Error: (msgtype=0x15008D,name=PBrowser::Msg_UpdateNativeWindowHandle) Channel error: cannot send/recv


###!!! [Parent][MessageChannel] Error: (msgtype=0x150080,name=PBrowser::Msg_Destroy) Channel error: cannot send/recv

A content process crashed and MOZ_CRASHREPORTER_SHUTDOWN is set, shutting down
nning in headless mode.
Unable to read VR Path Registry from C:\Users\Matt\AppData\Local\openvr\openvrpaths.vrpath
1524959466270	Marionette	INFO	Enabled via --marionette
Unable to read VR Path Registry from C:\Users\Matt\AppData\Local\openvr\openvrpaths.vrpath
Unable to read VR Path Registry from C:\Users\Matt\AppData\Local\openvr\openvrpaths.vrpath
Unable to read VR Path Registry from C:\Users\Matt\AppData\Local\openvr\openvrpaths.vrpath
1524959471890	Marionette	INFO	Listening on port 64469
1524959472586	Marionette	WARN	TLS certificate errors will be ignored for this session
A content process crashed and MOZ_CRASHREPORTER_SHUTDOWN is set, shutting down

###!!! [Parent][MessageChannel] Error: (msgtype=0x2C0104,name=PContent::Msg_AsyncMessage) Channel error: cannot send/recv

firefox.exe" "-marionette" "-headless" "-profile" "C:\\Users\\Matt\\AppData\\Local\\Temp\\rust_mozprofile.Ajtt2EGioRiG"
*** You are running in headless mode.
Unable to read VR Path Registry from C:\Users\Matt\AppData\Local\openvr\openvrpaths.vrpath
1524959569520	Marionette	INFO	Enabled via --marionette
Unable to read VR Path Registry from C:\Users\Matt\AppData\Local\openvr\openvrpaths.vrpath
Unable to read VR Path Registry from C:\Users\Matt\AppData\Local\openvr\openvrpaths.vrpath
1524959576048	Marionette	INFO	Listening on port 64579
1524959577120	Marionette	WARN	TLS certificate errors will be ignored for this session
Unable to read VR Path Registry from C:\Users\Matt\AppData\Local\openvr\openvrpaths.vrpath

###!!! [Parent][MessageChannel] Error: (msgtype=0x15008D,name=PBrowser::Msg_UpdateNativeWindowHandle) Channel error: cannot send/recv


###!!! [Parent][MessageChannel] Error: (msgtype=0x150080,name=PBrowser::Msg_Destroy) Channel error: cannot send/recv

A content process crashed and MOZ_CRASHREPORTER_SHUTDOWN is set, shutting down
nning in headless mode.
Unable to read VR Path Registry from C:\Users\Matt\AppData\Local\openvr\openvrpaths.vrpath
1524960021688	Marionette	INFO	Enabled via --marionette
Unable to read VR Path Registry from C:\Users\Matt\AppData\Local\openvr\openvrpaths.vrpath
Unable to read VR Path Registry from C:\Users\Matt\AppData\Local\openvr\openvrpaths.vrpath
1524960028708	Marionette	INFO	Listening on port 64662
1524960029428	Marionette	WARN	TLS certificate errors will be ignored for this session
Unable to read VR Path Registry from C:\Users\Matt\AppData\Local\openvr\openvrpaths.vrpath

###!!! [Parent][MessageChannel] Error: (msgtype=0x1000B,name=PAPZ::Msg_Destroy) Channel error: cannot send/recv


###!!! [Parent][MessageChannel] Error: (msgtype=0x15008D,name=PBrowser::Msg_UpdateNativeWindowHandle) Channel error: cannot send/recv


###!!! [Parent][MessageChannel] Error: (msgtype=0x150080,name=PBrowser::Msg_Destroy) Channel error: cannot send/recv

A content process crashed and MOZ_CRASHREPORTER_SHUTDOWN is set, shutting down
1524960077792	Marionette	INFO	Enabled via --marionette
Unable to read VR Path Registry from C:\Users\Matt\AppData\Local\openvr\openvrpaths.vrpath
Unable to read VR Path Registry from C:\Users\Matt\AppData\Local\openvr\openvrpaths.vrpath
[Child 18744, Chrome_ChildThread] WARNING: pipe error: 109: file z:/build/build/src/ipc/chromium/src/chrome/common/ipc_channel_win.cc, line 346
[Child 18744, 1524960088922	Marionette	INFO	Listening on port 64737
1524960089638	Marionette	WARN	TLS certificate errors will be ignored for this session
Unable to read VR Path Registry from C:\Users\Matt\AppData\Local\openvr\openvrpaths.vrpath
Unable to read VR Path Registry from C:\Users\Matt\AppData\Local\openvr\openvrpaths.vrpath
1524960221484	geckodriver	INFO	geckodriver 0.20.1
1524960221534	geckodriver	INFO	Listening on 127.0.0.1:64864
1524960224549	mozrunner::runner	INFO	Running command: "C:\\Program Files (x86)\\Mozilla Firefox\\firefox.exe" "-marionette" "-profile" "C:\\Users\\Matt\\AppData\\Local\\Temp\\rust_mozprofile.qO0Y3QMmibnz"
Unable to read VR Path Registry from C:\Users\Matt\AppData\Local\openvr\openvrpaths.vrpath
1524960230606	Marionette	INFO	Enabled via --marionette
Unable to read VR Path Registry from C:\Users\Matt\AppData\Local\openvr\openvrpaths.vrpath
Unable to read VR Path Registry from C:\Users\Matt\AppData\Local\openvr\openvrpaths.vrpath
Unable to read VR Path Registry from C:\Users\Matt\AppData\Local\openvr\openvrpaths.vrpath
[Child 10648, Chrome_ChildThread] WARNING: pipe error: 109: file z:/build/build/src/ipc/chromium/src/chrome/common/ipc_channel_win.cc, line 346
[Child 10648, CUnable to read VR Path Registry from C:\Users\Matt\AppData\Local\openvr\openvrpaths.vrpath
Unable to read VR Path Registry from C:\Users\Matt\AppData\Local\openvr\openvrpaths.vrpath
1524960243214	Marionette	INFO	Listening on port 64876
1524960244190	Marionette	WARN	TLS certificate errors will be ignored for this session
[Parent 18776, Gecko_IOThread] WARNING: pipe error: 109: file z:/build/build/src/ipc/chromium/src/chrome/common/ipc_channel_win.cc, line 346
[Child 13452, Chrome_ChildThread] WARNING: pipe error: 109: file z:/build/build/src/ipc/chromium/src/chrome/common/ipc_channel_win.cc, line 346
[Child 13452, Chrome_ChildThread] WARNING: pipe erro
###!!! [Child][MessageChannel::SendAndWait] Error: Channel error: cannot send/recv

1524960305432	geckodriver	INFO	geckodriver 0.20.1
1524960305464	geckodriver	INFO	Listening on 127.0.0.1:64939
1524960308517	mozrunner::runner	INFO	Running command: "C:\\Program Files (x86)\\Mozilla Firefox\\firefox.exe" "-marionette" "-profile" "C:\\Users\\Matt\\AppData\\Local\\Temp\\rust_mozprofile.LdGYMRi2ZsYI"
Unable to read VR Path Registry from C:\Users\Matt\AppData\Local\openvr\openvrpaths.vrpath
1524960317678	Marionette	INFO	Enabled via --marionette
Unable to read VR Path Registry from C:\Users\Matt\AppData\Local\openvr\openvrpaths.vrpath
Unable to read VR Path Registry from C:\Users\Matt\AppData\Local\openvr\openvrpaths.vrpath
Unable to read VR Path Registry from C:\Users\Matt\AppData\Local\openvr\openvrpaths.vrpath
[Child 15792, Chrome_ChildThread] WARNING: pipe error: 109: file z:/build/build/src/ipc/chromium/src/chrome/common/ipc_channel_win.cc, line 346
[Child 15792, Chrconsole.error: 
  Could not write session state file 
  Message: Error: _initWorker called too early! Please read the session file from disk first.
  Stack:
    _initWorker/<@resource:///modules/sessionstore/SessionFile.jsm:344:15
_initWorker@resource:///modules/sessionstore/SessionFile.jsm:337:12
_postToWorker@resource:///modules/sessionstore/SessionFile.jsm:361:11
write@resource:///modules/sessionstore/SessionFile.jsm:401:19
write@resource:///modules/sessionstore/SessionFile.jsm:73:12
_writeState@resource:///modules/sessionstore/SessionSaver.jsm:363:12
_saveState@resource:///modules/sessionstore/SessionSaver.jsm:301:12
_saveStateAsync@resource:///modules/sessionstore/SessionSaver.jsm:347:5
saveStateAsyncWhenIdle@resource:///modules/sessionstore/SessionSaver.jsm:198:9

  _initWorker/<@resource:///modules/sessionstore/SessionFile.jsm:344:15
_initWorker@resource:///modules/sessionstore/SessionFile.jsm:337:12
_postToWorker@resource:///modules/sessionstore/SessionFile.jsm:361:11
write@resource:///modules/sessionstore/SessionFile.jsm:401:19
write@resource:///modules/sessionstore/SessionFile.jsm:73:12
_writeState@resource:///modules/sessionstore/SessionSaver.jsm:363:12
_saveState@resource:///modules/sessionstore/SessionSaver.jsm:301:12
_saveStateAsync@resource:///modules/sessionstore/SessionSaver.jsm:347:5
saveStateAsyncWhenIdle@resource:///modules/sessionstore/SessionSaver.jsm:198:9

Unable to read VR Path Registry from C:\Users\Matt\AppData\Local\openvr\openvrpaths.vrpath
1524960331858	Marionette	INFO	Listening on port 64947
1524960331954	Marionette	WARN	TLS certificate errors will be ignored for this session
Unable to read VR Path Registry from C:\Users\Matt\AppData\Local\openvr\openvrpaths.vrpath
[Parent 18416, Gecko_IOThread] WARNING: pipe error: 109: file z:/build/build/src/ipc/chromium/src/chrome/common/ipc_channel_win.cc, line 346
[Child 18420, Chrome_ChildThread] WARNING: pipe error: 109: file z:/build/build/src/ipc/chromium/src/chrome/common/ipc_channel_win.cc, line 346
[Child 18420, Chrome[Child 1Unable to read VR Path Registry from C:\Users\Matt\AppData\Local\openvr\openvrpaths.vrpath
1524960391174	Marionette	INFO	Enabled via --marionette
Unable to read VR Path Registry from C:\Users\Matt\AppData\Local\openvr\openvrpaths.vrpath
Unable to read VR Path Registry from C:\Users\Matt\AppData\Local\openvr\openvrpaths.vrpath
Unable to read VR Path Registry from C:\Users\Matt\AppData\Local\openvr\openvrpaths.vrpath
Unable to read VR Path Registry from C:\Users\Matt\AppData\Local\openvr\openvrpaths.vrpath
1524960399384	Marionette	INFO	Listening on port 65045
1524960400388	Marionette	WARN	TLS certificate errors will be ignored for this session
[Parent 796, Gecko_IOThread] WARNING: pipe error: 109: file z:/build/build/src/ipc/chromium/src/chrome/common/ipc_channel_win.cc, line 346
[Child 17664, Chrome_ChildThread] WARNING: pipe error: 109: file z:/build/build/src/ipc/chromium/src/chrome/common/ipc_channel_win.cc, line 346
[Child 17664, Chrome_Child[Child 7192, Chrome_ChildThread] WARNING: pipe error: 109: file z:/build/build/src/ipc/chromium/src/chrome/common/ipc_channel_win.cc, line 346
[Child 7192, C[Parent 796, Gecko_IOThread] WARNING: pipe error: 109: file z:/build/build/src/ipc/chromium/src/chrome/common/ipc_channel_win.cc, line 346
*** UTM:SVC TimerManager:registerTimer called after profile-before-change notification. Ignoring timer registration for id: telemetry_modules_ping

###!!! [Child][MessageChannel::SendAndWait] Error: Channel error: cannot send/recv

1524960437621	geckodriver	INFO	geckodriver 0.20.1
1524960437652	geckodriver	INFO	Listening on 127.0.0.1:65094
1524960440755	mozrunner::runner	INFO	Running command: "C:\\Program Files (x86)\\Mozilla Firefox\\firefox.exe" "-marionette" "-profile" "C:\\Users\\Matt\\AppData\\Local\\Temp\\rust_mozprofile.HyF6v2Ywbem5"
Unable to read VR Path Registry from C:\Users\Matt\AppData\Local\openvr\openvrpaths.vrpath
1524960442944	Marionette	INFO	Enabled via --marionette
Unable to read VR Path Registry from C:\Users\Matt\AppData\Local\openvr\openvrpaths.vrpath
Unable to read VR Path Registry from C:\Users\Matt\AppData\Local\openvr\openvrpaths.vrpath
Unable to read VR Path Registry from C:\Users\Matt\AppData\Local\openvr\openvrpaths.vrpath
1524960449794	Marionette	INFO	Listening on port 65102
Unable to read VR Path Registry from C:\Users\Matt\AppData\Local\openvr\openvrpaths.vrpath
1524960451208	Marionette	WARN	TLS certificate errors will be ignored for this session
[Parent 17416, Gecko_IOThread] WARNING: pipe error: 109: file z:/build/build/src/ipc/chromium/src/chrome/common/ipc_channel_win.cc, line 346
[Parent 17416, Gecko_IOThread] WARNING: pipe error: 109: file z:/build/build/src/ipc/chromium/src/chrome/common/ipc_channel_win.cc, line 346
[Child 9300, Chrome_ChildThread] WARNING: pipe error: 109: file z:/build/build/src/ipc/chromium/src/chrome/common/ipc_channel_win.cc, line 346
[Child 9300, Chrome_ChildThread] WARNING: pipe error: 109: file z:/build/bu[Parent 17416, Gecko_IOThread] WARNING: pipe error: 109: file z:/build/build/src/ipc/chromium/src/chrome/common/ipc_channel_win.cc, line 346
*** UTM:SVC TimerManager:registerTimer called after profile-before-change notification. Ignoring timer registration for id: telemetry_modules_ping

###!!! [Child][MessageChannel::SendAndWait] Error: Channel error: cannot send/recv

1524960472468	geckodriver	INFO	geckodriver 0.20.1
1524960472501	geckodriver	INFO	Listening on 127.0.0.1:65150
1524960475523	mozrunner::runner	INFO	Running command: "C:\\Program Files (x86)\\Mozilla Firefox\\firefox.exe" "-marionette" "-profile" "C:\\Users\\Matt\\AppData\\Local\\Temp\\rust_mozprofile.WrP1ljXJwN66"
Unable to read VR Path Registry from C:\Users\Matt\AppData\Local\openvr\openvrpaths.vrpath
1524960478254	Marionette	INFO	Enabled via --marionette
Unable to read VR Path Registry from C:\Users\Matt\AppData\Local\openvr\openvrpaths.vrpath
Unable to read VR Path Registry from C:\Users\Matt\AppData\Local\openvr\openvrpaths.vrpath
Unable to read VR Path Registry from C:\Users\Matt\AppData\Local\openvr\openvrpaths.vrpath
Unable to read VR Path Registry from C:\Users\Matt\AppData\Local\openvr\openvrpaths.vrpath
1524960485278	Marionette	INFO	Listening on port 65158
1524960485846	Marionette	WARN	TLS certificate errors will be ignored for this session
[Child 5452, Chrome_ChildThread] WARNING: pipe error: 109: file z:/build/build/src/ipc/chromium/src/chrome/common/ipc_channel_win.cc, line 346
[Child 5452, Chrome[Parent 17616, Gecko_IOThread] WARNING: pipe error: 109: file z:/build/build/src/ipc/chromium/src/chrome/common/ipc_channel_win.cc, line 346
[Child 7248, Chrome_ChildThread] WARNING: pipe error: 109: file z:/build/build/src/ipc/chromium/src/chrome/common/ipc_channel_win.cc, line 346
[Child 7248, Ch
###!!! [Child][MessageChannel::SendAndWait] Error: Channel error: cannot send/recv

h
Unable to read VR Path Registry from C:\Users\Matt\AppData\Local\openvr\openvrpaths.vrpath
Unable to read VR Path Registry from C:\Users\Matt\AppData\Local\openvr\openvrpaths.vrpath
1524960568940	Marionette	INFO	Listening on port 65241
Unable to read VR Path Registry from C:\Users\Matt\AppData\Local\openvr\openvrpaths.vrpath
1524960570050	Marionette	WARN	TLS certificate errors will be ignored for this session
[Child 18304, Chrome_ChildThread] WARNING: pipe error: 109: file z:/build/build/src/ipc/chromium/src/chrome/common/ipc_channel_win.cc, line 346
[Child 18304, C
###!!! [Child][MessageChannel::SendAndWait] Error: Channel error: cannot send/recv

1524960651228	geckodriver	INFO	geckodriver 0.20.1
1524960651258	geckodriver	INFO	Listening on 127.0.0.1:65310
1524960654285	mozrunner::runner	INFO	Running command: "C:\\Program Files (x86)\\Mozilla Firefox\\firefox.exe" "-marionette" "-profile" "C:\\Users\\Matt\\AppData\\Local\\Temp\\rust_mozprofile.Q3zh4XtcKmaI"
Unable to read VR Path Registry from C:\Users\Matt\AppData\Local\openvr\openvrpaths.vrpath
1524960657508	Marionette	INFO	Enabled via --marionette
Unable to read VR Path Registry from C:\Users\Matt\AppData\Local\openvr\openvrpaths.vrpath
Unable to read VR Path Registry from C:\Users\Matt\AppData\Local\openvr\openvrpaths.vrpath
Unable to read VR Path Registry from C:\Users\Matt\AppData\Local\openvr\openvrpaths.vrpath
[Parent 8920, Gecko_IOThread] WARNING: pipe error: 109: file z:/build/build/src/ipc/chromium/src/chrome/common/ipc_channel_win.cc, line 346
Unable to read VR Path Registry from C:\Users\Matt\AppData\Local\openvr\openvrpaths.vrpath
Unable to read VR Path Registry from C:\Users\Matt\AppData\Local\openvr\openvrpaths.vrpath
1524960670836	Marionette	INFO	Listening on port 65320
1524960672018	Marionette	WARN	TLS certificate errors will be ignored for this session
[Parent 8920, Gecko_IOThread] WARNING: pipe error: 109: file z:/build/build/src/ipc/chromium/src/chrome/common1524960776603	mozrunner::runner	INFO	Running command: "C:\\Program Files (x86)\\Mozilla Firefox\\firefox.exe" "-marionette" "-profile" "C:\\Users\\Matt\\AppData\\Local\\Temp\\rust_mozprofile.P3ZQkVUQ6VPx"
Unable to read VR Path Registry from C:\Users\Matt\AppData\Local\openvr\openvrpaths.vrpath
1524960779186	Marionette	INFO	Enabled via --marionette
Unable to read VR Path Registry from C:\Users\Matt\AppData\Local\openvr\openvrpaths.vrpath
Unable to read VR Path Registry from C:\Users\Matt\AppData\Local\openvr\openvrpaths.vrpath
Unable to read VR Path Registry from C:\Users\Matt\AppData\Local\openvr\openvrpaths.vrpath
Unable to read VR Path Registry from C:\Users\Matt\AppData\Local\openvr\openvrpaths.vrpath
1524960786140	Marionette	INFO	Listening on port 65491
1524960786780	Marionette	WARN	TLS certificate errors will be ignored for this session
[Child 6564, Chrome_ChildThread] WARNING: pipe error: 109: file z:/build/build/src/ipc/chromium/src/chrome/common/ipc_channel_win.cc, line 346
[Child 6564, Chrome_ChildThr
###!!! [Child][MessageChannel::SendAndWait] Error: Channel error: cannot send/recv

\\AppData\\Local\\Temp\\rust_mozprofile.FJLoOmx4f6Mm"
Unable to read VR Path Registry from C:\Users\Matt\AppData\Local\openvr\openvrpaths.vrpath
1524960857172	Marionette	INFO	Enabled via --marionette
Unable to read VR Path Registry from C:\Users\Matt\AppData\Local\openvr\openvrpaths.vrpath
Unable to read VR Path Registry from C:\Users\Matt\AppData\Local\openvr\openvrpaths.vrpath
[Parent 19696, Gecko_IOThread] WARNING: pipe error: 109: file z:/build/build/src/ipc/chromium/src/chrome/common/ipc_channel_win.cc, line 346
[Child 3288, Chrome_ChildThread] WARNING: pipe error: 109: file z:/build/build/src/ipc/chromium/src/chrome/common/ipc_channel_win.cc, line 346
[Child 3288, Chr1524960866650	Marionette	INFO	Listening on port 1038
1524960866692	Marionette	WARN	TLS certificate errors will be ignored for this session
Unable to read VR Path Registry from C:\Users\Matt\AppData\Local\openvr\openvrpaths.vrpath
Unable to read VR Path Registry from C:\Users\Matt\AppData\Local\openvr\openvrpaths.vrpath
Unable to read VR Path Registry from C:\Users\Matt\AppData\Local\openvr\openvrpaths.vrpath
[Parent 19696, Gecko_IOThread] WARNING: pipe error: 109: file z:/build/build/src/ipc/chromium/src/chrome/comm1524960903021	mozrunner::runner	INFO	Running command: "C:\\Program Files (x86)\\Mozilla Firefox\\firefox.exe" "-marionette" "-profile" "C:\\Users\\Matt\\AppData\\Local\\Temp\\rust_mozprofile.0FkR3WlsZ8Vv"
Unable to read VR Path Registry from C:\Users\Matt\AppData\Local\openvr\openvrpaths.vrpath
1524960909122	Marionette	INFO	Enabled via --marionette
Unable to read VR Path Registry from C:\Users\Matt\AppData\Local\openvr\openvrpaths.vrpath
Unable to read VR Path Registry from C:\Users\Matt\AppData\Local\openvr\openvrpaths.vrpath
Unable to read VR Path Registry from C:\Users\Matt\AppData\Local\openvr\openvrpaths.vrpath
[Parent 1556, Gecko_IOThread] WARNING: pipe error: 109: file z:/build/build/src/ipc/chromium/src/chrome/common/ipc_channel_win.cc, line 346
[Child 15416, Chrome_ChildThread] WARNING: pipe error: 109: file z:/build/build/src/ipc/chromium/src/chrome/common/ipc_channel_win.cc, line 346
[Child 15416, ChUnable to read VR Path Registry from C:\Users\Matt\AppData\Local\openvr\openvrpaths.vrpath
Unable to read VR Path Registry from C:\Users\Matt\AppData\Local\openvr\openvrpaths.vrpath
1524960922454	Marionette	INFO	Listening on port 1097
1524960923548	Marionette	WARN	TLS certificate errors will be ignored for this session
[Parent 1556, Gecko_IOThread] WARNING: pipe error: 109: file z:/build/build/src/ipc/chromium/src/chrome/commo1524960953888	mozrunner::runner	INFO	Running command: "C:\\Program Files (x86)\\Mozilla Firefox\\firefox.exe" "-marionette" "-profile" "C:\\Users\\Matt\\AppData\\Local\\Temp\\rust_mozprofile.rMEpEvkci1Dz"
Unable to read VR Path Registry from C:\Users\Matt\AppData\Local\openvr\openvrpaths.vrpath
1524960956636	Marionette	INFO	Enabled via --marionette
Unable to read VR Path Registry from C:\Users\Matt\AppData\Local\openvr\openvrpaths.vrpath
Unable to read VR Path Registry from C:\Users\Matt\AppData\Local\openvr\openvrpaths.vrpath
Unable to read VR Path Registry from C:\Users\Matt\AppData\Local\openvr\openvrpaths.vrpath
Unable to read VR Path Registry from C:\Users\Matt\AppData\Local\openvr\openvrpaths.vrpath
1524960963514	Marionette	INFO	Listening on port 1165
1524960963718	Marionette	WARN	TLS certificate errors will be ignored for this session
[Parent 9688, Gecko_IOThread] WARNING: pipe error: 109: file z:/build/build/src/ipc/chromium/src/chrome/common/ipc_channel_win.cc, line 346
[Child 3288, Chrome_ChildThread] WARNING: pipe error: 109: file z:/build/build/src/ipc/chromium/src/chrome/common/ipc_channel_win.cc, line 346
[GPU 20192, Chrome_ChildThre
###!!! [Child][MessageChannel::SendAndWait] Error: Channel error: cannot send/recv

ath
1524961102656	Marionette	INFO	Enabled via --marionette
Unable to read VR Path Registry from C:\Users\Matt\AppData\Local\openvr\openvrpaths.vrpath
Unable to read VR Path Registry from C:\Users\Matt\AppData\Local\openvr\openvrpaths.vrpath
Unable to read VR Path Registry from C:\Users\Matt\AppData\Local\openvr\openvrpaths.vrpath
1524961110378	Marionette	INFO	Listening on port 1228
1524961111166	Marionette	WARN	TLS certificate errors will be ignored for this session
Unable to read VR Path Registry from C:\Users\Matt\AppData\Local\openvr\openvrpaths.vrpath
[Parent 16664, Gecko_IOThread] WARNING: pipe error: 109: file z:/build/build/src/ipc/chromium/src/chrome/common/ipc_channel_win.cc, line 346
[Parent 16664, Gecko_IOThread] WARNING: pipe error: 109: file z:/build/build/src/ipc/chromium/src/chrome/common/ipc_channel_win.cc, line 346
[Child 13736, Chrome_ChildThread] WARNING: pipe error: 109: file z:/build/build/src/ipc/chromium/src/chrome/common/ipc_channel_win.cc, line 346
[Child 18420, Chrome_ChildThread] WARNING: pipe error: 109: file z:/build/build/src/ipc/chromium/src/chrome/common/ipc_channel_win.cc, line 346
[Child 18420, Chrome
###!!! [Child][MessageChannel::SendAndWait] Error: Channel error: cannot send/recv

 C:\Users\Matt\AppData\Local\openvr\openvrpaths.vrpath
[Parent 20344, Gecko_IOThread] WARNING: pipe error: 109: file z:/build/build/src/ipc/chromium/src/chrome/common/ipc_channel_win.cc, line 346
1524961164814	Marionette	INFO	Listening on port 1285
1524961166030	Marionette	WARN	TLS certificate errors will be ignored for this session
Unable to read VR Path Registry from C:\Users\Matt\AppData\Local\openvr\openvrpaths.vrpath
Unable to read VR Path Registry from C:\Users\Matt\AppData\Local\openvr\openvrpaths.vrpath
[Child 96, Chrome_ChildThread] WARNING: pipe error: 109: file z:/build/build/src/ipc/chromium/src/chrome/common/ipc_channel_win.cc, line 346
[Child 96, Chrome_C[Child 11328, Chrome_ChildThread] WARNING: pipe error: 109: file z:/build/build[Parent 20344, Gecko_IOThread] WARNING: pipe error: 109: file z:/build/build/src/ipc/chromium/src/chrome/common/ipc_channel_win.cc, line 346
[Child 17472, Chrome_ChildThread] WARNING: pipe error: 109: file z:/build/build/src/ipc/chromium/src/chrome/common/ipc_channel_win.cc, line 346
[Child 17472, Chr[GPU 17440, Chrome_ChildThread] WARNING: pipe error: 109:
###!!! [Child][MessageChannel::SendAndWait] Error: Channel error: cannot send/recv

rs\Matt\AppData\Local\openvr\openvrpaths.vrpath
[Parent 14424, Gecko_IOThread] WARNING: pipe error: 109: file z:/build/build/src/ipc/chromium/src/chrome/common/ipc_channel_win.cc, line 346
1524961220168	Marionette	INFO	Listening on port 1342
[Child 15804, Chrome_ChildThread] WARNING: pipe error: 109: file z:/build/build/src/ipc/chromium/src/chrome/common/ipc_channel_win.cc, line 346
1524961221386	Marionette	WARN	TLS certificate errors will be ignored for this session
Unable to read VR Path Registry from C:\Users\Matt\AppData\Local\openvr\openvrpaths.vrpath
Unable to read VR Path Registry from C:\Users\Matt\AppData\Local\openvr\openvrpaths.vrpath
[Parent 14424, Gecko_IOThread] WARNING: pipe error: 109: file z:/build/build/src/ipc/chromium/src/chrome/comm1524961252125	mozrunner::runner	INFO	Running command: "C:\\Program Files (x86)\\Mozilla Firefox\\firefox.exe" "-marionette" "-profile" "C:\\Users\\Matt\\AppData\\Local\\Temp\\rust_mozprofile.td0hP4eNd16D"
Unable to read VR Path Registry from C:\Users\Matt\AppData\Local\openvr\openvrpaths.vrpath
1524961255816	Marionette	INFO	Enabled via --marionette
Unable to read VR Path Registry from C:\Users\Matt\AppData\Local\openvr\openvrpaths.vrpath
Unable to read VR Path Registry from C:\Users\Matt\AppData\Local\openvr\openvrpaths.vrpath
Unable to read VR Path Registry from C:\Users\Matt\AppData\Local\openvr\openvrpaths.vrpath
1524961264142	Marionette	INFO	Listening on port 1399
1524961265680	Marionette	WARN	TLS certificate errors will be ignored for this session
Unable to read VR Path Registry from C:\Users\Matt\AppData\Local\openvr\openvrpaths.vrpath
[Child 21100, Chrome_ChildThread] WARNI[Child 20572, Chrome_ChildThread] WARNING: pipe error: 109: file z:/build/build/src/ipc/chromium/src/chrome/common/ipc_channel_win.cc, line 346
[Child 20572, Ch[Child 19404, Chrome_ChildThread] WARNING: pipe error: 109: file z:/build/build/src/ipc/chromium/src/chrome/common/ipc_channel_win.cc, line 346
[Child 19404, Chrome_ChildThread] WARNI
###!!! [Child][MessageChannel::SendAndWait] Error: Channel error: cannot send/recv

att\AppData\Local\openvr\openvrpaths.vrpath
1524961351612	Marionette	INFO	Enabled via --marionette
Unable to read VR Path Registry from C:\Users\Matt\AppData\Local\openvr\openvrpaths.vrpath
Unable to read VR Path Registry from C:\Users\Matt\AppData\Local\openvr\openvrpaths.vrpath
Unable to read VR Path Registry from C:\Users\Matt\AppData\Local\openvr\openvrpaths.vrpath
1524961359540	Marionette	INFO	Listening on port 1457
1524961360092	Marionette	WARN	TLS certificate errors will be ignored for this session
Unable to read VR Path Registry from C:\Users\Matt\AppData\Local\openvr\openvrpaths.vrpath
Unable to read VR Path Registry from C:\Users\Matt\AppData\Local\openvr\openvrpaths.vrpath
[Parent 15076, Gecko_IOThread] WARNING: pipe error: 109: file z:/build/build/src/ipc/chromium/src/chrome/common/ipc_channel_win.cc, line 346
*** UTM:SVC TimerManager:registerTimer called after profile-before-change notification. Ignoring timer registration for id: telemetry_modules_ping

###!!! [Child][MessageChannel::SendAndWait] Error: Channel error: cannot send/recv

1524961437905	geckodriver	INFO	geckodriver 0.20.1
1524961437938	geckodriver	INFO	Listening on 127.0.0.1:1515
1524961440970	mozrunner::runner	INFO	Running command: "C:\\Program Files (x86)\\Mozilla Firefox\\firefox.exe" "-marionette" "-profile" "C:\\Users\\Matt\\AppData\\Local\\Temp\\rust_mozprofile.A6hwOiovIhMC"
Unable to read VR Path Registry from C:\Users\Matt\AppData\Local\openvr\openvrpaths.vrpath
1524961443546	Marionette	INFO	Enabled via --marionette
Unable to read VR Path Registry from C:\Users\Matt\AppData\Local\openvr\openvrpaths.vrpath
Unable to read VR Path Registry from C:\Users\Matt\AppData\Local\openvr\openvrpaths.vrpath
Unable to read VR Path Registry from C:\Users\Matt\AppData\Local\openvr\openvrpaths.vrpath
Unable to read VR Path Registry from C:\Users\Matt\AppData\Local\openvr\openvrpaths.vrpath
1524961451830	Marionette	INFO	Listening on port 1523
1524961453106	Marionette	WARN	TLS certificate errors will be ignored for this session
[Parent 11712, Gecko_IOThread] WARNING: pipe error: 109: file z:/build/build/src/ipc/chromium/src/chrome/common/ipc_channel_win.cc, line 346
[Child 19788, Chrome_ChildThread] WARNING: pipe error: 109: file z:/build/build/src/ipc/chromium/src/chrome/common/ipc_channel_win.cc, line 346
[Child 19788, Chrome_C[Child 18412, Chrome_ChildThread] WARNING: pipe error: 109: file z:/build/build/src/ipc/chromium/src/chrome/common/ipc_channel_win.cc, line 346
[Child 18412, Chrome_ChildThread] WARNING: pipe error: 109: file z:/build/build/src/ipc/chromium/src/chrome/common/ipc_channel_win.cc, line 346

###!!! [Child][MessageChannel::SendAndWait] Error: Channel error: cannot send/recv

sers\Matt\AppData\Local\openvr\openvrpaths.vrpath
Unable to read VR Path Registry from C:\Users\Matt\AppData\Local\openvr\openvrpaths.vrpath
Promise rejected 1524961515161	mozrunner::runner	INFO	Running command: "C:\\Program Files (x86)\\Mozilla Firefox\\firefox.exe" "-marionette" "-profile" "C:\\Users\\Matt\\AppData\\Local\\Temp\\rust_mozprofile.KZ0b4efDiEft"
Unable to read VR Path Registry from C:\Users\Matt\AppData\Local\openvr\openvrpaths.vrpath
1524961517466	Marionette	INFO	Enabled via --marionette
Unable to read VR Path Registry from C:\Users\Matt\AppData\Local\openvr\openvrpaths.vrpath
Unable to read VR Path Registry from C:\Users\Matt\AppData\Local\openvr\openvrpaths.vrpath
Unable to read VR Path Registry from C:\Users\Matt\AppData\Local\openvr\openvrpaths.vrpath
Unable to read VR Path Registry from C:\Users\Matt\AppData\Local\openvr\openvrpaths.vrpath
1524961523454	Marionette	INFO	Listening on port 1639
1524961523656	Marionette	WARN	TLS certificate errors will be ignored for this session
[Parent 20684, Gecko_IOThread] WARNING: pipe error: 109: file z:/build/build/src/ipc/chromium/src/chrome/common/ipc_channel_win.1524961563803	mozrunner::runner	INFO	Running command: "C:\\Program Files (x86)\\Mozilla Firefox\\firefox.exe" "-marionette" "-profile" "C:\\Users\\Matt\\AppData\\Local\\Temp\\rust_mozprofile.NUxYNrK0ReHx"
Unable to read VR Path Registry from C:\Users\Matt\AppData\Local\openvr\openvrpaths.vrpath
1524961566148	Marionette	INFO	Enabled via --marionette
Unable to read VR Path Registry from C:\Users\Matt\AppData\Local\openvr\openvrpaths.vrpath
Unable to read VR Path Registry from C:\Users\Matt\AppData\Local\openvr\openvrpaths.vrpath
Unable to read VR Path Registry from C:\Users\Matt\AppData\Local\openvr\openvrpaths.vrpath
Unable to read VR Path Registry from C:\Users\Matt\AppData\Local\openvr\openvrpaths.vrpath
1524961571752	Marionette	INFO	Listening on port 1688
1524961572614	Marionette	WARN	TLS certificate errors will be ignored for this session
[Parent 21356, Gecko_IOThread] WARNING: pipe error: 109: file z:/build/build/src/ipc/chromium/src/chrome/common/ipc_channel_win.cc, line 346
[Parent 21356, Gecko_IOThread] WARNING: pipe error: 109: file z:/build/build/src/ipc/chromium/src/chrome/common/ipc_channel_win.cc, line 346
[Child 21112, Chrome_ChildThread] WARNING: pipe error: 109: file z:/build/build/src/ipc/chromium/src/ch[rCohmiel/dc o1m4m7o8n8/, Chrome_ChildiTphcr_ecahda]n nWeAlR_NwIiNnG.:c cp,i ple error: 109: file z:/buildi/nbeu i3l4d/src/ipc/chromiu6m
/src/chrome/common/ipc_cha[Child 2nnel_win.cc, line 346
1112, [Child 14788, Ch[Parent 21356, Gecko_IOThread] WARNING: pipe error: 109: file z:/build/build/src/ipc/chromium/src/chrome/common/ipc_channel_win.cc, line 346
[Child 20984, Chrome_ChildThread] WARNING: pipe error: 109: file z:/build/build/src/ipc/chromium/src/chrome/common/ipc_channel_win.cc, line 346
[Child 20984,
###!!! [Child][MessageChannel::SendAndWait] Error: Channel error: cannot send/recv

ette	INFO	Listening on port 1774
1524961753104	Marionette	WARN	TLS certificate errors will be ignored for this session
[Parent 16220, Gecko_IOThread] WARNING: pipe error: 109: file z:/build/build/src/ipc/chromium/src/chrome/common/ipc_channel_win.cc, line 346
[Parent 16220, Gecko_IOThread] WARNING: pipe error: 109: file z:/build/build/src/ipc/chromium/src/chrome/common/ipc_channel_win.cc, line 346
[Child 11372, Chrome_ChildThread] WARNING: pipe error: 109: file z:/build/build/src/ipc/chromium/src/chrome/common/ipc_channel_win.cc, line 346
[Child 11372, Chrome_ChildThread] WARNING: pipe e[Child 19564, Chrome_ChildThread] WARNING: pipe error: 109: file z:/build/build/src/ipc/chromium/src/chrome/common/ipc_channel_win.cc, line 346
[Child 13808, Chrome_ChildThread] WARNING: pipe error: 109: file z:/build/build/src/ipc/chromium/src/chrome/common/ipc_channel_win.cc, line 346
[Child 13808, *** UTM:SVC TimerManager:registerTimer called after profile-before-change notification. Ignoring timer registration for id: telemetry_modules_ping

###!!! [Child][MessageChannel::SendAndWait] Error: Channel error: cannot send/recv

1524961793016	geckodriver	INFO	geckodriver 0.20.1
1524961793050	geckodriver	INFO	Listening on 127.0.0.1:1818
1524961796138	mozrunner::runner	INFO	Running command: "C:\\Program Files (x86)\\Mozilla Firefox\\firefox.exe" "-marionette" "-profile" "C:\\Users\\Matt\\AppData\\Local\\Temp\\rust_mozprofile.qOYRhaM8c7ec"
Unable to read VR Path Registry from C:\Users\Matt\AppData\Local\openvr\openvrpaths.vrpath
1524961798768	Marionette	INFO	Enabled via --marionette
Unable to read VR Path Registry from C:\Users\Matt\AppData\Local\openvr\openvrpaths.vrpath
Unable to read VR Path Registry from C:\Users\Matt\AppData\Local\openvr\openvrpaths.vrpath
Unable to read VR Path Registry from C:\Users\Matt\AppData\Local\openvr\openvrpaths.vrpath
Unable to read VR Path Registry from C:\Users\Matt\AppData\Local\openvr\openvrpaths.vrpath
1524961805198	Marionette	INFO	Listening on port 1826
1524961806392	Marionette	WARN	TLS certificate errors will be ignored for this session
[Parent 20792, Gecko_IOThread] WARNING: pipe error: 109: file z:/build/build/src/ipc/chromium/src/chrome/comm1524961915029	mozrunner::runner	INFO	Running command: "C:\\Program Files (x86)\\Mozilla Firefox\\firefox.exe" "-marionette" "-profile" "C:\\Users\\Matt\\AppData\\Local\\Temp\\rust_mozprofile.9dQBgtr9IWaL"
Unable to read VR Path Registry from C:\Users\Matt\AppData\Local\openvr\openvrpaths.vrpath
1524961918006	Marionette	INFO	Enabled via --marionette
Unable to read VR Path Registry from C:\Users\Matt\AppData\Local\openvr\openvrpaths.vrpath
Unable to read VR Path Registry from C:\Users\Matt\AppData\Local\openvr\openvrpaths.vrpath
Unable to read VR Path Registry from C:\Users\Matt\AppData\Local\openvr\openvrpaths.vrpath
Unable to read VR Path Registry from C:\Users\Matt\AppData\Local\openvr\openvrpaths.vrpath
1524961925238	Marionette	INFO	Listening on port 1914
1524961925370	Marionette	WARN	TLS certificate errors will be ignored for this session
[Parent 20912, Gecko_IOThread] WARNING: pipe error: 109: file z:/build/build/src/ipc/chromium/src/chrome/common/ipc_channel_win.cc, line 346
[Parent 20912, Gecko_IOThread] WARNING: pipe error: 109: file z:/build/build/src/ipc/chromium/src/chrome/common/ipc_channel_win.cc, line 346
[Child 20064, Chrome_ChildThread] WARNING: pipe error: 109: file z:/build/build/src/ipc/chromium/src/chrome/common/ipc_channel_win.cc, line 346
[Child 20064, Ch[GPU 18536, Ch
###!!! [Child][MessageChannel::SendAndWait] Error: Channel error: cannot send/recv

rpath
Unable to read VR Path Registry from C:\Users\Matt\AppData\Local\openvr\openvrpaths.vrpath
Unable to read VR Path Registry from C:\Users\Matt\AppData\Local\openvr\openvrpaths.vrpath
Unable to read VR Path Registry from C:\Users\Matt\AppData\Local\openvr\openvrpaths.vrpath
1524961957772	Marionette	INFO	Listening on port 1972
1524961959274	Marionette	WARN	TLS certificate errors will be ignored for this session
[Child 19372, Chrome_ChildThread] WARNING: pipe error: 109: file z:/build/build/src/ipc/chromium/src/chrome/c1524961993744	mozrunner::runner	INFO	Running command: "C:\\Program Files (x86)\\Mozilla Firefox\\firefox.exe" "-marionette" "-profile" "C:\\Users\\Matt\\AppData\\Local\\Temp\\rust_mozprofile.kNDLKGbYeVn5"
Unable to read VR Path Registry from C:\Users\Matt\AppData\Local\openvr\openvrpaths.vrpath
1524961996430	Marionette	INFO	Enabled via --marionette
Unable to read VR Path Registry from C:\Users\Matt\AppData\Local\openvr\openvrpaths.vrpath
Unable to read VR Path Registry from C:\Users\Matt\AppData\Local\openvr\openvrpaths.vrpath
Unable to read VR Path Registry from C:\Users\Matt\AppData\Local\openvr\openvrpaths.vrpath
Unable to read VR Path Registry from C:\Users\Matt\AppData\Local\openvr\openvrpaths.vrpath
1524962002584	Marionette	INFO	Listening on port 2019
1524962002704	Marionette	WARN	TLS certificate errors will be ignored for this session
[Parent 10920, Gecko_IOThread] WARNING: pipe error: 109: file z:/build/build/src/ipc/chromium/src/chrome/common/ipc_channel_win.cc, line 346
[Child 19572, Chrome_ChildThread] WARNING: pipe error: 109: file z:/build/build/src/ipc/chromium/src/chrome/common/ipc_channel_win.cc, line 346
[Child 19572, Chrome_ChildThread] WARNING: pipe error: 109: file z:/build/build/src/ipc/chromium/src/chrome/common/ipc_channeUnable to read VR Path Registry from C:\Users\Matt\AppData\Local\openvr\openvrpaths.vrpath
IPDL protocol error: Handler returned error code!

###!!! [Parent][DispatchAsyncMessage] Error: PLayerTransaction::Msg_ReleaseLayer Processing error: message was deserialized, but the handler returned false (indicating failure)

IPDL protocol error: Handler returned error code!

###!!! [Parent][DispatchAsyncMessage] Error: PLayerTransaction::Msg_ReleaseLayer Processing error: message was deserialized, but the handler returned false (indicating failure)

IPDL protocol error: Handler returned error code!

###!!! [Parent][DispatchAsyncMessage] Error: PLayerTransaction::Msg_ReleaseLayer Processing error: message was deserialized, but the handler returned false (indicating failure)

IPDL protocol error: Handler returned error code!

###!!! [Parent][DispatchAsyncMessage] Error: PLayerTransaction::Msg_ReleaseLayer Processing error: message was deserialized, but the handler returned false (indicating failure)

[Parent 10920, Gecko_IOThread] WARNING: pipe error: 109: file z:/build/build/src/ipc/chromium/src/chrome/common/ipc_channel_win.cc, line 346
[Child 20636, Chrome_ChildThread] WARNING: pipe error: 109: file z:/build/build/src/ipc/chromium/src/chrome/common/ipc_channel_win.cc, line 346
[Child 20636,[Parent 10920, Gecko_IOThread] WARNING: pipe error: 109: file z:/build/build/src/ipc/chromium/src/chrome/common/ipc_channel_win.cc, line 346
[Parent 10920, Gecko_IOThread] WARNING: pipe error: 109: file z:/build/build/src/ipc/chromium/src/chrome/common/ipc_channel_win.cc, line 346
[Child 20472, Chrome_ChildThread] WARNING: pipe error: 109: file z:/build/build/src/ipc/chromium/src/chrome/common/ipc_channel_win.cc, line 346
[Child 20472, *** UTM:SVC TimerManager:registerTimer called after profile-before-change notification. Ignoring timer registration for id: telemetry_modules_ping

###!!! [Child][MessageChannel::SendAndWait] Error: Channel error: cannot send/recv

JavaScript error: resource://gre/modules/osfile/osfile_async_front.jsm, line 411: Error: OS.File has been shut down. Rejecting post to stat
1524962056387	geckodriver	INFO	geckodriver 0.20.1
1524962056417	geckodriver	INFO	Listening on 127.0.0.1:2068
1524962059438	mozrunner::runner	INFO	Running command: "C:\\Program Files (x86)\\Mozilla Firefox\\firefox.exe" "-marionette" "-profile" "C:\\Users\\Matt\\AppData\\Local\\Temp\\rust_mozprofile.5ovZEsuwk791"
Unable to read VR Path Registry from C:\Users\Matt\AppData\Local\openvr\openvrpaths.vrpath
1524962061500	Marionette	INFO	Enabled via --marionette
Unable to read VR Path Registry from C:\Users\Matt\AppData\Local\openvr\openvrpaths.vrpath
Unable to read VR Path Registry from C:\Users\Matt\AppData\Local\openvr\openvrpaths.vrpath
Unable to read VR Path Registry from C:\Users\Matt\AppData\Local\openvr\openvrpaths.vrpath
Unable to read VR Path Registry from C:\Users\Matt\AppData\Local\openvr\openvrpaths.vrpath
1524962067136	Marionette	INFO	Listening on port 2076
1524962067346	Marionette	WARN	TLS certificate errors will be ignored for this session
[Parent 19968, Gecko_IOThread] WARNING: pipe error: 109: file z:/build/build/src/ipc/chromium/src/chrome/comm1524962129837	mozrunner::runner	INFO	Running command: "C:\\Program Files (x86)\\Mozilla Firefox\\firefox.exe" "-marionette" "-profile" "C:\\Users\\Matt\\AppData\\Local\\Temp\\rust_mozprofile.0aXPjM526fdP"
Unable to read VR Path Registry from C:\Users\Matt\AppData\Local\openvr\openvrpaths.vrpath
1524962132158	Marionette	INFO	Enabled via --marionette
Unable to read VR Path Registry from C:\Users\Matt\AppData\Local\openvr\openvrpaths.vrpath
Unable to read VR Path Registry from C:\Users\Matt\AppData\Local\openvr\openvrpaths.vrpath
Unable to read VR Path Registry from C:\Users\Matt\AppData\Local\openvr\openvrpaths.vrpath
Unable to read VR Path Registry from C:\Users\Matt\AppData\Local\openvr\openvrpaths.vrpath
1524962139466	Marionette	INFO	Listening on port 2138
1524962140374	Marionette	WARN	TLS certificate errors will be ignored for this session
[Parent 20128, Gecko_IOThread] WARNING: pipe error: 109: file z:/build/build/src/ipc/chromium/src/chrome/common/ipc_channel_win.cc, line 346
[Parent 20128, Gecko_IOThread] WARNING: pipe error: 109: file z:/build/build/src/ipc/chromium/src/chrome/common/ipc_channel_win.cc, line 346
[Child 16632, Chrome_ChildThread] WARNING: pipe error: 109: file z:/build/build/src/ipc/chromium/src/chrome/common/ipc_channel_win.cc, line 346
[Child 16632, Chrom[Child 14280, Chrome_ChildThread] WARNING: pipe error: 109: file z:/build/build/src/ipc/chromium/src/chrome/common/ipc_channel_win.cc, line 346
[Parent 20128, Gecko_IOThread] WARNING: pipe error: 109: file z:/build/build/src/ipc/chromium/src/chrome/common/ipc_channel_win.cc, line 346
*** UTM:SVC TimerManager:registerTimer called after profile-before-change notification. Ignoring timer registration for id: telemetry_modules_ping

###!!! [Child][MessageChannel::SendAndWait] Error: Channel error: cannot send/recv

1524962190432	geckodriver	INFO	geckodriver 0.20.1
1524962190463	geckodriver	INFO	Listening on 127.0.0.1:2182
1524962193503	mozrunner::runner	INFO	Running command: "C:\\Program Files (x86)\\Mozilla Firefox\\firefox.exe" "-marionette" "-profile" "C:\\Users\\Matt\\AppData\\Local\\Temp\\rust_mozprofile.UE7Yfo8JEvBG"
Unable to read VR Path Registry from C:\Users\Matt\AppData\Local\openvr\openvrpaths.vrpath
1524962196028	Marionette	INFO	Enabled via --marionette
Unable to read VR Path Registry from C:\Users\Matt\AppData\Local\openvr\openvrpaths.vrpath
Unable to read VR Path Registry from C:\Users\Matt\AppData\Local\openvr\openvrpaths.vrpath
Unable to read VR Path Registry from C:\Users\Matt\AppData\Local\openvr\openvrpaths.vrpath
Unable to read VR Path Registry from C:\Users\Matt\AppData\Local\openvr\openvrpaths.vrpath
1524962204056	Marionette	INFO	Listening on port 2190
1524962204288	Marionette	WARN	TLS certificate errors will be ignored for this session
[Parent 19880, Gecko_IOThread] WARNING: pipe error: 109: file z:/build/build/src/ipc/chromium/src/chrome/common/ipc_channel_win.cc, line 346
[Child 21324, Chrome_ChildThread] WARNING: pipe error: 109: file z:/build/build/src/ipc/chromium/src/chrome/common/ipc_channel_win.cc, line 346
[Child 21324, Chrome_Chi[Parent 19880, Gecko_IOThread] WARNING: pipe error: 109: file z:/build/build/src/ipc/chromium/src/chrome/common/ipc_channel_win.cc, line 346
[Child 19296, Chrome_ChildThread] WARNING: pipe error: 109: file z:/build/build/src/ipc/chromium/src/chrome/common/ipc_channel_win.cc, line 346
[Child 19296, Chr
###!!! [Child][MessageChannel::SendAndWait] Error: Channel error: cannot send/recv

a\Local\openvr\openvrpaths.vrpath
Unable to read VR Path Registry from C:\Users\Matt\AppData\Local\openvr\openvrpaths.vrpath
1524962257168	Marionette	INFO	Listening on port 2262
1524962258986	Marionette	WARN	TLS certificate errors will be ignored for this session
[Parent 21164, Gecko_IOThread] WARNING: pipe error: 109: file z:/build/build/src/ipc/chromium/src/chrome/common/ipc_channel_win.cc, line 346
[Child 20636, Chrome_ChildThread] WARNING: pipe error: 109: file z:/build/build/src/ipc/chromium/src/chrome/common/ipc_channel_win.cc, line 346
[Child 20636, [Parent 21164, Gecko_IOThread] WARNING: pipe error: 109: file z:/build/build/src/ipc/chromium/src/chrome/common/ipc_channel_win.cc, line 346
[Child 14732, Chrome_ChildThread] WARNING: pipe error: 109: file z:/build/build/src/ipc/chromium/src/chrome/common/ipc_channel_win.cc, line 346
[Child 14732, Chrom*** UTM:SVC TimerManager:registerTimer called after profile-before-change notification. Ignoring timer registration for id: telemetry_modules_ping
[GPU 9972, Chrome_ChildThread] W
###!!! [Child][MessageChannel::SendAndWait] Error: Channel error: cannot send/recv

1524962313100	geckodriver	INFO	geckodriver 0.20.1
1524962313161	geckodriver	INFO	Listening on 127.0.0.1:2304
1524962316144	mozrunner::runner	INFO	Running command: "C:\\Program Files (x86)\\Mozilla Firefox\\firefox.exe" "-marionette" "-profile" "C:\\Users\\Matt\\AppData\\Local\\Temp\\rust_mozprofile.qv1KKenscIif"
Unable to read VR Path Registry from C:\Users\Matt\AppData\Local\openvr\openvrpaths.vrpath
1524962318126	Marionette	INFO	Enabled via --marionette
Unable to read VR Path Registry from C:\Users\Matt\AppData\Local\openvr\openvrpaths.vrpath
Unable to read VR Path Registry from C:\Users\Matt\AppData\Local\openvr\openvrpaths.vrpath
Unable to read VR Path Registry from C:\Users\Matt\AppData\Local\openvr\openvrpaths.vrpath
Unable to read VR Path Registry from C:\Users\Matt\AppData\Local\openvr\openvrpaths.vrpath
1524962324202	Marionette	INFO	Listening on port 2312
1524962325194	Marionette	WARN	TLS certificate errors will be ignored for this session
[Parent 14748, Gecko_IOThread] WARNING: pipe error: 109: file z:/build/build/src/ipc/chromium/src/chrome/comm1524962363305	mozrunner::runner	INFO	Running command: "C:\\Program Files (x86)\\Mozilla Firefox\\firefox.exe" "-marionette" "-profile" "C:\\Users\\Matt\\AppData\\Local\\Temp\\rust_mozprofile.bN3Z4ZeRMRjt"
Unable to read VR Path Registry from C:\Users\Matt\AppData\Local\openvr\openvrpaths.vrpath
1524962365990	Marionette	INFO	Enabled via --marionette
Unable to read VR Path Registry from C:\Users\Matt\AppData\Local\openvr\openvrpaths.vrpath
Unable to read VR Path Registry from C:\Users\Matt\AppData\Local\openvr\openvrpaths.vrpath
Unable to read VR Path Registry from C:\Users\Matt\AppData\Local\openvr\openvrpaths.vrpath
Unable to read VR Path Registry from C:\Users\Matt\AppData\Local\openvr\openvrpaths.vrpath
1524962372308	Marionette	INFO	Listening on port 2362
1524962373390	Marionette	WARN	TLS certificate errors will be ignored for this session
[Parent 11368, Gecko_IOThread] WARNING: pipe error: 109: file z:/build/build/src/ipc/chromium/src/chrome/common/ipc_channel_win.cc, line 346
[Child 15032, Chrome_ChildThread] WARNING: pipe error: 109: file z:/build/build/src/ipc/chromium/src/chrome/common/ipc_channel_win.cc, line 346
[Child 15032, ChUnable to read VR Path Registry from C:\Users\Matt\AppData\Local\openvr\openvrpaths.vrpath
[Parent 11368, Gecko_IOThread] WARNING: pipe error: 109: file z:/build/build/src/ipc/chromium/src/chrome/common/ipc_channel_win.cc, line 346
[Child 20752, Chrome_ChildThread] WARNING: pipe error: 109: file z:/build/build/src/ipc/chromium/src/chrome/common/ipc_channel_win.cc, line 346
[Child 20752, Chrom[Parent 11368, Gecko_IOThread] WARNING: pipe error: 109: file z:/build/build/src/ipc/chromium/src/chrome/common/ipc_channel_win.cc, line 346
[Child 19924
###!!! [Child][MessageChannel::SendAndWait] Error: Channel error: cannot send/recv

1524962448580	geckodriver	INFO	geckodriver 0.20.1
1524962448625	geckodriver	INFO	Listening on 127.0.0.1:2458
1524962451644	mozrunner::runner	INFO	Running command: "C:\\Program Files (x86)\\Mozilla Firefox\\firefox.exe" "-marionette" "-profile" "C:\\Users\\Matt\\AppData\\Local\\Temp\\rust_mozprofile.l8qU9dwiyzAm"
Unable to read VR Path Registry from C:\Users\Matt\AppData\Local\openvr\openvrpaths.vrpath
1524962454172	Marionette	INFO	Enabled via --marionette
Unable to read VR Path Registry from C:\Users\Matt\AppData\Local\openvr\openvrpaths.vrpath
Unable to read VR Path Registry from C:\Users\Matt\AppData\Local\openvr\openvrpaths.vrpath
Unable to read VR Path Registry from C:\Users\Matt\AppData\Local\openvr\openvrpaths.vrpath
Unable to read VR Path Registry from C:\Users\Matt\AppData\Local\openvr\openvrpaths.vrpath
1524962461108	Marionette	INFO	Listening on port 2466
1524962462098	Marionette	WARN	TLS certificate errors will be ignored for this session
[Parent 20592, Gecko_IOThread] WARNING: pipe error: 109: file z:/build/build/src/ipc/chromium/src/chrome/comm1524962503815	mozrunner::runner	INFO	Running command: "C:\\Program Files (x86)\\Mozilla Firefox\\firefox.exe" "-marionette" "-profile" "C:\\Users\\Matt\\AppData\\Local\\Temp\\rust_mozprofile.dvFJq4EWEvmt"
Unable to read VR Path Registry from C:\Users\Matt\AppData\Local\openvr\openvrpaths.vrpath
1524962506766	Marionette	INFO	Enabled via --marionette
Unable to read VR Path Registry from C:\Users\Matt\AppData\Local\openvr\openvrpaths.vrpath
Unable to read VR Path Registry from C:\Users\Matt\AppData\Local\openvr\openvrpaths.vrpath
Unable to read VR Path Registry from C:\Users\Matt\AppData\Local\openvr\openvrpaths.vrpath
Unable to read VR Path Registry from C:\Users\Matt\AppData\Local\openvr\openvrpaths.vrpath
1524962512424	Marionette	INFO	Listening on port 2516
1524962512524	Marionette	WARN	TLS certificate errors will be ignored for this session
[Parent 6316, Gecko_IOThread] WARNING: pipe error: 109: file z:/build/build/src/ipc/chromium/src/chrome/common/ipc_channel_win.cc, line 346
[Child 10620, Chrome_ChildThrea1524962680148	mozrunner::runner	INFO	Running command: "C:\\Program Files (x86)\\Mozilla Firefox\\firefox.exe" "-marionette" "-profile" "C:\\Users\\Matt\\AppData\\Local\\Temp\\rust_mozprofile.s44uW1qVKdcl"
Unable to read VR Path Registry from C:\Users\Matt\AppData\Local\openvr\openvrpaths.vrpath
1524962682256	Marionette	INFO	Enabled via --marionette
Unable to read VR Path Registry from C:\Users\Matt\AppData\Local\openvr\openvrpaths.vrpath
Unable to read VR Path Registry from C:\Users\Matt\AppData\Local\openvr\openvrpaths.vrpath
Unable to read VR Path Registry from C:\Users\Matt\AppData\Local\openvr\openvrpaths.vrpath
1524962688014	Marionette	INFO	Listening on port 2570
1524962688094	Marionette	WARN	TLS certificate errors will be ignored for this session
Unable to read VR Path Registry from C:\Users\Matt\AppData\Local\openvr\openvrpaths.vrpath
[Child 18060, Chrome_ChildThread] WARNING: pipe error: 109: file z:/build/build/src/ipc/chromium/src/chrome/common/ipc_channel_win.cc, line 346
[Child 18060, Chrome_ChildThread] WA[Child 20584, Chrome_ChildThread] WARNING: pipe error: 109: file z:/build/build/src/ipc/chromium/src/chrome/common/ipc_channel_win.cc, line 346
[Child 20584, Chrome_ChildThread] WARNING: pipe error[Child 19512, Chrome_ChildThread] WARNING: pipe error: 109: file z:/build/build/src/ipc/chromium/src/chrome/common/ipc_channel_win.cc, line 346
[Child 19512, Chrome_ChildThread] WARNING: pipe erro
###!!! [Child][MessageChannel::SendAndWait] Error: Channel error: cannot send/recv

1524962760954	geckodriver	INFO	geckodriver 0.20.1
1524962760987	geckodriver	INFO	Listening on 127.0.0.1:2613
1524962764030	mozrunner::runner	INFO	Running command: "C:\\Program Files (x86)\\Mozilla Firefox\\firefox.exe" "-marionette" "-profile" "C:\\Users\\Matt\\AppData\\Local\\Temp\\rust_mozprofile.ZyxKK1c9JJwh"
Unable to read VR Path Registry from C:\Users\Matt\AppData\Local\openvr\openvrpaths.vrpath
1524962766132	Marionette	INFO	Enabled via --marionette
Unable to read VR Path Registry from C:\Users\Matt\AppData\Local\openvr\openvrpaths.vrpath
Unable to read VR Path Registry from C:\Users\Matt\AppData\Local\openvr\openvrpaths.vrpath
Unable to read VR Path Registry from C:\Users\Matt\AppData\Local\openvr\openvrpaths.vrpath
Unable to read VR Path Registry from C:\Users\Matt\AppData\Local\openvr\openvrpaths.vrpath
1524962772174	Marionette	INFO	Listening on port 2621
1524962772402	Marionette	WARN	TLS certificate errors will be ignored for this session
[Parent 19488, Gecko_IOThread] WARNING: pipe error: 109: file z:/build/build/src/ipc/chromium/src/chrome/common/ipc_channel_win.cc, line 346
[Child 21244, Chr*** UTM:SVC TimerManager:registerTimer called after profile-before-change notification. Ignoring timer registration for id: telemetry_modules_ping

###!!! [Child][MessageChannel::SendAndWait] Error: Channel error: cannot send/recv

1524964527782	geckodriver	INFO	geckodriver 0.20.1
1524964527816	geckodriver	INFO	Listening on 127.0.0.1:2754
1524964530841	mozrunner::runner	INFO	Running command: "C:\\Program Files (x86)\\Mozilla Firefox\\firefox.exe" "-marionette" "-profile" "C:\\Users\\Matt\\AppData\\Local\\Temp\\rust_mozprofile.4EoR0i9BfJIz"
Unable to read VR Path Registry from C:\Users\Matt\AppData\Local\openvr\openvrpaths.vrpath
1524964534516	Marionette	INFO	Enabled via --marionette
Unable to read VR Path Registry from C:\Users\Matt\AppData\Local\openvr\openvrpaths.vrpath
Unable to read VR Path Registry from C:\Users\Matt\AppData\Local\openvr\openvrpaths.vrpath
Unable to read VR Path Registry from C:\Users\Matt\AppData\Local\openvr\openvrpaths.vrpath
[Child 20004, Chrome_ChildThread] WARNING: pipe error: 109: file z:/build/build/src/ipc/chromium/src/chrome/common/ipc_channel_win.cc, line 346
[Child 20004, Chrome_Ch1524964546230	Marionette	INFO	Listening on port 2763
Unable to read VR Path Registry from C:\Users\Matt\AppData\Local\openvr\openvrpaths.vrpath
Unable to read VR Path Registry from C:\Users\Matt\AppData\Local\openvr\openvrpaths.vrpath
1524964547446	Marionette	WARN	TLS certificate errors will be ignored for this session
[Parent 5144, Gecko_IOThread] WARNING: pipe error: 109: file z:/build/build/src/ipc/chromium/src/chrome/commo1524964624728	mozrunner::runner	INFO	Running command: "C:\\Program Files (x86)\\Mozilla Firefox\\firefox.exe" "-marionette" "-profile" "C:\\Users\\Matt\\AppData\\Local\\Temp\\rust_mozprofile.hh6aXPp7v4O4"
Unable to read VR Path Registry from C:\Users\Matt\AppData\Local\openvr\openvrpaths.vrpath
1524964627662	Marionette	INFO	Enabled via --marionette
Unable to read VR Path Registry from C:\Users\Matt\AppData\Local\openvr\openvrpaths.vrpath
Unable to read VR Path Registry from C:\Users\Matt\AppData\Local\openvr\openvrpaths.vrpath
Unable to read VR Path Registry from C:\Users\Matt\AppData\Local\openvr\openvrpaths.vrpath
[Child 20628, Chrome_ChildThread] WARNING: pipe error: 109: file z:/build/build/src/ipc/chromium/src/chrome/common/ipc_channel_win.cc, line 346
[Child 20628, ChrUnable to read VR Path Registry from C:\Users\Matt\AppData\Local\openvr\openvrpaths.vrpath
Unable to read VR Path Registry from C:\Users\Matt\AppData\Local\openvr\openvrpaths.vrpath
1524964638328	Marionette	INFO	Listening on port 2827
1524964639636	Marionette	WARN	TLS certificate errors will be ignored for this session
[Parent 21312, Gecko_IOThread] WARNING: pipe error: 109: file z:/build/build/src/ipc/chromium/src/chrome/common/ipc_channel_win.cc, line 346
[Child 17684, Chrome_ChildThread] WARNING: pipe error: 109: file z:/build/build/src/ipc/chromium/src/chrome/common/ipc_channel_win.cc, line 346
[Child 18692, Chrome_ChildThread] WARNING: pipe error: 109: file z:/build/build/src/ipc/chromium/src/chrome/common/ipc_channel_win.cc, line 346
[Child 18692, Chrome_[Child*** UTM:SVC TimerManager:registerTimer called after profile-before-change notification. Ignoring timer registration for id: telemetry_modules_ping

###!!! [Child][MessageChannel::SendAndWait] Error: Channel error: cannot send/recv

1524964696722	geckodriver	INFO	geckodriver 0.20.1
1524964696757	geckodriver	INFO	Listening on 127.0.0.1:2892
1524964699764	mozrunner::runner	INFO	Running command: "C:\\Program Files (x86)\\Mozilla Firefox\\firefox.exe" "-marionette" "-profile" "C:\\Users\\Matt\\AppData\\Local\\Temp\\rust_mozprofile.ZmzZKscXE6OX"
Unable to read VR Path Registry from C:\Users\Matt\AppData\Local\openvr\openvrpaths.vrpath
1524964702498	Marionette	INFO	Enabled via --marionette
Unable to read VR Path Registry from C:\Users\Matt\AppData\Local\openvr\openvrpaths.vrpath
Unable to read VR Path Registry from C:\Users\Matt\AppData\Local\openvr\openvrpaths.vrpath
Unable to read VR Path Registry from C:\Users\Matt\AppData\Local\openvr\openvrpaths.vrpath
Unable to read VR Path Registry from C:\Users\Matt\AppData\Local\openvr\openvrpaths.vrpath
1524964709248	Marionette	INFO	Listening on port 2900
1524964709582	Marionette	WARN	TLS certificate errors will be ignored for this session
[Parent 7488, Gecko_IOThread] WARNING: pipe error: 109: file z:/build/build/src/ipc/chromium/src/chrome/common/ipc_channel_win.cc, line 346
[Parent 7488, Gecko_IOThread] WARNING: pipe error: 109: file z:/build/build/src/ipc/chromium/src/chrome/common/ipc_channel_win.cc, line 346
[Child 18640, Chrome_ChildThread] WARNING: pipe error: 109: file z:/build/build/src/ipc/chromium/src/chrome/common/ipc_channel_win.cc, line 346

###!!! [Child][MessageChannel::SendAndWait] Error: Channel error: cannot send/recv

[Parent 7488, Gecko_IOThread] WARNING: pipe error: 232: file z:/build/build/src/ipc/chromium/src/chrome/common/ipc_channel_win.cc, line 513
read VR Path Registry from C:\Users\Matt\AppData\Local\openvr\openvrpaths.vrpath
1524964770986	Marionette	INFO	Listening on port 2956
1524964771080	Marionette	WARN	TLS certificate errors will be ignored for this session
Unable to read VR Path Registry from C:\Users\Matt\AppData\Local\openvr\openvrpaths.vrpath
Unable to read VR Path Registry from C:\Users\Matt\AppData\Local\openvr\openvrpaths.vrpath
[Parent 18244, Gecko_IOThread] WARNING: pipe error: 109: file z:/build/build/src/ipc/chromium/src/chrome/common/ipc_channel_win.cc, line 346
[Child 20684, Chrome_ChildThread] WARNING: pipe error: 109: file z:/build/build/src/ipc/chromium/src/chrome/common/ipc_channel_win.cc, line 346
[Child 20684, Chrome_ChildThread] WARNING: pipe error: 109: file z:/build/build/src/ipc/chromiu[Parent 18244, Gecko_IOThread] WARNING: pipe error: 109: file z:/build/build/src/ipc/chromium/src/chrome/common/ipc_channel_win.cc, line 346
[Child 15968, Chrome_ChildThread] WARNING: pipe error: 109: file z:/build/build/src/ipc/chromium/src/chrome/common/ipc_channel_win.cc, line 346
[Child 15968, Chr
###!!! [Child][MessageChannel::SendAndWait] Error: Channel error: cannot send/recv

G: pipe error: 109: file z:/build/build/src/ipc/chromium/src/chrome/common/ipc_channel_win.cc, line 346
[Child 19712, Chrome_ChildThread] WARNING: pipe error: 109: file z:/build/build/src/ipc/chromium/src/chrome/common/ipc_channel_win.cc, line 346
[Child 19712, Chrome_ChildThread] WARNING: pipe error: 109: file z:/build/build/src/ipc/chromium/sr1524964887892	Marionette	INFO	Listening on port 3021
1524964888756	Marionette	WARN	TLS certificate errors will be ignored for this session
Unable to read VR Path Registry from C:\Users\Matt\AppData\Local\openvr\openvrpaths.vrpath
Unable to read VR Path Registry from C:\Users\Matt\AppData\Local\openvr\openvrpaths.vrpath
[Parent 4144, Gecko_IOThread] WARNING: pipe error: 109: file z:/build/build/src/ipc/chromium/src/chrome/common/ipc_channel_win.cc, line 346

###!!! [Child][MessageChannel::SendAndWait] Error: Channel error: cannot send/recv

te" "-profile" "C:\\Users\\Matt\\AppData\\Local\\Temp\\rust_mozprofile.H8qxvJkB8IXO"
Unable to read VR Path Registry from C:\Users\Matt\AppData\Local\openvr\openvrpaths.vrpath
1524965224084	Marionette	INFO	Enabled via --marionette
Unable to read VR Path Registry from C:\Users\Matt\AppData\Local\openvr\openvrpaths.vrpath
Unable to read VR Path Registry from C:\Users\Matt\AppData\Local\openvr\openvrpaths.vrpath
[Child 21372, Chrome_ChildThread] WARNING: pipe error: 109: file z:/build/build/src/ipc/chromium/src/chrome/common/ipc_channel_win.cc, line 346
[Child 21372, Chrome_ChildThread] WARNING: pipe error: 109: file z:/build/build/src/ipc/chr1524965232554	Marionette	INFO	Listening on port 3112
1524965232840	Marionette	WARN	TLS certificate errors will be ignored for this session
Unable to read VR Path Registry from C:\Users\Matt\AppData\Local\openvr\openvrpaths.vrpath
Unable to read VR Path Registry from C:\Users\Matt\AppData\Local\openvr\openvrpaths.vrpath
Unable to read VR Path Registry from C:\Users\Matt\AppData\Local\openvr\openvrpaths.vrpath
[Parent 10320, Gecko_IOThread] WARNING: pipe error: 109: file z:/build/build/src/ipc/chromium/src/chrome/common/ipc_channel_win.cc, line 346
[Parent 10320, Gecko_IOThread] WARNING: pipe error: 109: file z:/build/build/src/ipc/chromium/src/chrome/common/ipc_channel_win.cc, line 346
[Child 20960, Chrome_ChildThread] WARNING: pipe error: 109: file z:/build/build/src/ipc/chromium/src/chrome/common/ipc_channel_win.cc, line 346
[Child 20960[Parent 10320, Gecko_IOThread] WARNING: pipe error: 109: file z:/build/build/src/ipc/chromium/src/chrome/common/ipc_channel_win.cc, line 346
*** UTM:SVC TimerManager:registerTimer called after profile-before-change notification. Ignoring timer registration for id: telemetry_modules_ping

###!!! [Child][MessageChannel::SendAndWait] Error: Channel error: cannot send/recv

1524965267222	geckodriver	INFO	geckodriver 0.20.1
1524965267256	geckodriver	INFO	Listening on 127.0.0.1:3158
1524965270294	mozrunner::runner	INFO	Running command: "C:\\Program Files (x86)\\Mozilla Firefox\\firefox.exe" "-marionette" "-profile" "C:\\Users\\Matt\\AppData\\Local\\Temp\\rust_mozprofile.yA3tKwihhG77"
Unable to read VR Path Registry from C:\Users\Matt\AppData\Local\openvr\openvrpaths.vrpath
1524965274072	Marionette	INFO	Enabled via --marionette
Unable to read VR Path Registry from C:\Users\Matt\AppData\Local\openvr\openvrpaths.vrpath
Unable to read VR Path Registry from C:\Users\Matt\AppData\Local\openvr\openvrpaths.vrpath
Unable to read VR Path Registry from C:\Users\Matt\AppData\Local\openvr\openvrpaths.vrpath
1524965281310	Marionette	INFO	Listening on port 3166
Unable to read VR Path Registry from C:\Users\Matt\AppData\Local\openvr\openvrpaths.vrpath
1524965282402	Marionette	WARN	TLS certificate errors will be ignored for this session
1524965368200	addons.productaddons	WARN	Failed downloading XML, status: 0, reason: error
1524965368214	addons.productaddons	WARN	Failed downloading via XHR, status: 0, reason: error
1524965368224	addons.productaddons	WARN	Failed downloading via XHR, status: 0, reason: error
[Parent 1716, Gecko_IOThread] WARNING: pipe error: 109: file z:/build/build/src/ipc/chromium/src/chrome/common/ipc_channel_win.cc, line 346
[Parent 1716, Gecko_IOThread] WARNING: pipe error: 109: file z:/build/build/src/ipc/chromium/src/chrome/common/ipc_channel_win.cc, line 346
[Child 20356, Chrome_ChildThread] WARNING: pipe
###!!! [Child][MessageChannel::SendAndWait] Error: Channel error: cannot send/recv

1524965528969	geckodriver	INFO	geckodriver 0.20.1
1524965529084	geckodriver	INFO	Listening on 127.0.0.1:3351
1524965532148	mozrunner::runner	INFO	Running command: "C:\\Program Files (x86)\\Mozilla Firefox\\firefox.exe" "-marionette" "-profile" "C:\\Users\\Matt\\AppData\\Local\\Temp\\rust_mozprofile.3iX9aTk2QjsH"
Unable to read VR Path Registry from C:\Users\Matt\AppData\Local\openvr\openvrpaths.vrpath
1524965537330	Marionette	INFO	Enabled via --marionette
Unable to read VR Path Registry from C:\Users\Matt\AppData\Local\openvr\openvrpaths.vrpath
Unable to read VR Path Registry from C:\Users\Matt\AppData\Local\openvr\openvrpaths.vrpath
Unable to read VR Path Registry from C:\Users\Matt\AppData\Local\openvr\openvrpaths.vrpath
[Parent 20992, Gecko_IOThread] WARNING: pipe error: 109: file z:/build/build/src/ipc/chromium/src/chrome/common/ipc_channel_win.cc, line 346
[Child 20400, Chrome_ChildThread] WARNING: pipe error: 109: file z:/build/build/src/ipc/chromium/src/chrome/common/ipc_channel_win.cc, line 346
[Child 20400, Chroconsole.error: 
  Could not write session state file 
  Message: Error: _initWorker called too early! Please read the session file from disk first.
  Stack:
    _initWorker/<@resource:///modules/sessionstore/SessionFile.jsm:344:15
_initWorker@resource:///modules/sessionstore/SessionFile.jsm:337:12
_postToWorker@resource:///modules/sessionstore/SessionFile.jsm:361:11
write@resource:///modules/sessionstore/SessionFile.jsm:401:19
write@resource:///modules/sessionstore/SessionFile.jsm:73:12
_writeState@resource:///modules/sessionstore/SessionSaver.jsm:363:12
_saveState@resource:///modules/sessionstore/SessionSaver.jsm:301:12
_saveStateAsync@resource:///modules/sessionstore/SessionSaver.jsm:347:5
saveStateAsyncWhenIdle@resource:///modules/sessionstore/SessionSaver.jsm:198:9

  _initWorker/<@resource:///modules/sessionstore/SessionFile.jsm:344:15
_initWorker@resource:///modules/sessionstore/SessionFile.jsm:337:12
_postToWorker@resource:///modules/sessionstore/SessionFile.jsm:361:11
write@resource:///modules/sessionstore/SessionFile.jsm:401:19
write@resource:///modules/sessionstore/SessionFile.jsm:73:12
_writeState@resource:///modules/sessionstore/SessionSaver.jsm:363:12
_saveState@resource:///modules/sessionstore/SessionSaver.jsm:301:12
_saveStateAsync@resource:///modules/sessionstore/SessionSaver.jsm:347:5
saveStateAsyncWhenIdle@resource:///modules/sessionstore/SessionSaver.jsm:198:9

Unable to read VR Path Registry from C:\Users\Matt\AppData\Local\openvr\openvrpaths.vrpath
Unable to read VR Path Registry from C:\Users\Matt\AppData\Local\openvr\openvrpaths.vrpath
1524965553332	Marionette	INFO	Listening on port 3359
1524965554268	Marionette	WARN	TLS certificate errors will be ignored for this session
[Parent 20992, Gecko_IOThread] WARNING: pipe error: 109: file z:/build/build/src/ipc/chromium/src/chrome/common/ipc_channel_win.cc, line 346
[Parent 20992, Gecko_IOThread] WARNING: pipe error: 109: file z:/build/build/src/ipc/chromium/src/chrome/common/ipc_channel_win.cc, line 346
[Child 12652, Chrome_ChildThread] WARNING: pipe error: 109: file z:/build/build/src/ipc/chromium/src/chrome/common/ipc_c[hCahninel_win.cc, line 346l
d 18328, Chrome_ChildThread] WARNING: pipe error: 109: file z:/build/build/src/ipc/chro[mCihiludm /sr12652, Chromec/chrome/common/ipc_channel_win.cc, line 346
[Child 18328, Chrome_ChildThread] WARNING: pipe error: 109: file z:/build/build/src/ipc/chromium/src/chr[Parent 20992, Gecko_IOThread] WARNING: pipe error: 109: file z:/build/build/src/ipc/chromium/src/chrome/common/ipc_channel_win.cc, line 346
[Child 20704, Chrome_ChildThread] WARNING: pipe error: 109: file z:/build/build/src/ipc/chromium/src/chrome/common/ipc_channel_win.cc, line 346
[Child 20704, Chrome_ChildThread] WARNING: pipe error: 109: file z:/build/build/src/ipc/chromium/src/chr[GPU 20372, Chrome_ChildThre
###!!! [Child][MessageChannel::SendAndWait] Error: Channel error: cannot send/recv

